<?xml version="1.0" encoding="UTF-8"?>
<!-- Generated by org.testng.reporters.JUnitReportReporter -->
<testsuite skipped="0" hostname="Chumki" name="com.crm.vtiger.CreateProductTest" tests="2" failures="0" timestamp="12 Jul 2021 09:22:12 GMT" time="0.017" errors="0">
  <testcase name="createProductWithNameTest" time="0.001" classname="com.crm.vtiger.CreateProductTest"/>
  <testcase name="createProductWithId" time="0.016" classname="com.crm.vtiger.CreateProductTest"/>
</testsuite> <!-- com.crm.vtiger.CreateProductTest -->
