<?xml version="1.0" encoding="UTF-8"?>
<!-- Generated by org.testng.reporters.JUnitReportReporter -->
<testsuite skipped="0" hostname="Chumki" name="com.crm.vtiger.SearchProductTest" tests="2" failures="0" timestamp="12 Jul 2021 09:22:12 GMT" time="0.012" errors="0">
  <testcase name="searchProductWithId" time="0.011" classname="com.crm.vtiger.SearchProductTest"/>
  <testcase name="searchProductWithNameTest" time="0.001" classname="com.crm.vtiger.SearchProductTest"/>
</testsuite> <!-- com.crm.vtiger.SearchProductTest -->
